Train receivers: [0, 1, 2, 3, 4, 5, 6, 7, 8]
Test receivers:  [9, 10, 11]
Train Epoch: 1	Loss: 3.585897, Acc: 7468/11340 (65.86%)

Validation set: Loss: 0.3626, Acc: 4372/4860 (89.96%)

Validation loss improved inf -> 0.362553. Saving model...
------------------------------------------------
Train Epoch: 2	Loss: 1.650274, Acc: 10380/11340 (91.53%)

Validation set: Loss: 0.1894, Acc: 4619/4860 (95.04%)

Validation loss improved 0.362553 -> 0.189351. Saving model...
------------------------------------------------
Train Epoch: 3	Loss: 0.997561, Acc: 10803/11340 (95.26%)

Validation set: Loss: 0.0905, Acc: 4793/4860 (98.62%)

Validation loss improved 0.189351 -> 0.090474. Saving model...
------------------------------------------------
Train Epoch: 4	Loss: 0.669450, Acc: 11111/11340 (97.98%)

Validation set: Loss: 0.0563, Acc: 4809/4860 (98.95%)

Validation loss improved 0.090474 -> 0.056270. Saving model...
------------------------------------------------
Train Epoch: 5	Loss: 0.506521, Acc: 11223/11340 (98.97%)

Validation set: Loss: 0.0415, Acc: 4831/4860 (99.40%)

Validation loss improved 0.056270 -> 0.041549. Saving model...
------------------------------------------------
Train Epoch: 6	Loss: 0.417127, Acc: 11262/11340 (99.31%)

Validation set: Loss: 0.0326, Acc: 4836/4860 (99.51%)

Validation loss improved 0.041549 -> 0.032593. Saving model...
------------------------------------------------
Train Epoch: 7	Loss: 0.386242, Acc: 11271/11340 (99.39%)

Validation set: Loss: 0.0274, Acc: 4841/4860 (99.61%)

Validation loss improved 0.032593 -> 0.027367. Saving model...
------------------------------------------------
Train Epoch: 8	Loss: 0.338336, Acc: 11292/11340 (99.58%)

Validation set: Loss: 0.0242, Acc: 4841/4860 (99.61%)

Validation loss improved 0.027367 -> 0.024183. Saving model...
------------------------------------------------
Train Epoch: 9	Loss: 0.302894, Acc: 11302/11340 (99.66%)

Validation set: Loss: 0.0208, Acc: 4843/4860 (99.65%)

Validation loss improved 0.024183 -> 0.020752. Saving model...
------------------------------------------------
Train Epoch: 10	Loss: 0.275641, Acc: 11304/11340 (99.68%)

Validation set: Loss: 0.0205, Acc: 4844/4860 (99.67%)

Validation loss improved 0.020752 -> 0.020524. Saving model...
------------------------------------------------
Train Epoch: 11	Loss: 0.269247, Acc: 11307/11340 (99.71%)

Validation set: Loss: 0.0179, Acc: 4841/4860 (99.61%)

Validation loss improved 0.020524 -> 0.017853. Saving model...
------------------------------------------------
Train Epoch: 12	Loss: 0.250447, Acc: 11315/11340 (99.78%)

Validation set: Loss: 0.0173, Acc: 4845/4860 (99.69%)

Validation loss improved 0.017853 -> 0.017262. Saving model...
------------------------------------------------
Train Epoch: 13	Loss: 0.242365, Acc: 11317/11340 (99.80%)

Validation set: Loss: 0.0169, Acc: 4845/4860 (99.69%)

Validation loss improved 0.017262 -> 0.016938. Saving model...
------------------------------------------------
Train Epoch: 14	Loss: 0.235663, Acc: 11323/11340 (99.85%)

Validation set: Loss: 0.0158, Acc: 4845/4860 (99.69%)

Validation loss improved 0.016938 -> 0.015831. Saving model...
------------------------------------------------
Train Epoch: 15	Loss: 0.235170, Acc: 11320/11340 (99.82%)

Validation set: Loss: 0.0161, Acc: 4847/4860 (99.73%)

No improvement for 1 epoch(s).
------------------------------------------------
Train Epoch: 16	Loss: 0.209195, Acc: 11328/11340 (99.89%)

Validation set: Loss: 0.0150, Acc: 4844/4860 (99.67%)

Validation loss improved 0.015831 -> 0.015027. Saving model...
------------------------------------------------
Train Epoch: 17	Loss: 0.202157, Acc: 11330/11340 (99.91%)

Validation set: Loss: 0.0152, Acc: 4845/4860 (99.69%)

No improvement for 1 epoch(s).
------------------------------------------------
Train Epoch: 18	Loss: 0.202282, Acc: 11328/11340 (99.89%)

Validation set: Loss: 0.0145, Acc: 4846/4860 (99.71%)

Validation loss improved 0.015027 -> 0.014506. Saving model...
------------------------------------------------
Train Epoch: 19	Loss: 0.201423, Acc: 11322/11340 (99.84%)

Validation set: Loss: 0.0139, Acc: 4843/4860 (99.65%)

Validation loss improved 0.014506 -> 0.013883. Saving model...
------------------------------------------------
Train Epoch: 20	Loss: 0.188150, Acc: 11329/11340 (99.90%)

Validation set: Loss: 0.0138, Acc: 4845/4860 (99.69%)

Validation loss improved 0.013883 -> 0.013762. Saving model...
------------------------------------------------
Train Epoch: 21	Loss: 0.202554, Acc: 11333/11340 (99.94%)

Validation set: Loss: 0.0129, Acc: 4847/4860 (99.73%)

Validation loss improved 0.013762 -> 0.012919. Saving model...
------------------------------------------------
Train Epoch: 22	Loss: 0.191408, Acc: 11329/11340 (99.90%)

Validation set: Loss: 0.0140, Acc: 4845/4860 (99.69%)

No improvement for 1 epoch(s).
------------------------------------------------
Train Epoch: 23	Loss: 0.187512, Acc: 11333/11340 (99.94%)

Validation set: Loss: 0.0130, Acc: 4849/4860 (99.77%)

No improvement for 2 epoch(s).
------------------------------------------------
Train Epoch: 24	Loss: 0.173781, Acc: 11336/11340 (99.96%)

Validation set: Loss: 0.0135, Acc: 4847/4860 (99.73%)

No improvement for 3 epoch(s).
------------------------------------------------
Train Epoch: 25	Loss: 0.175573, Acc: 11332/11340 (99.93%)

Validation set: Loss: 0.0142, Acc: 4851/4860 (99.81%)

No improvement for 4 epoch(s).
------------------------------------------------
Train Epoch: 26	Loss: 0.167713, Acc: 11337/11340 (99.97%)

Validation set: Loss: 0.0126, Acc: 4848/4860 (99.75%)

Validation loss improved 0.012919 -> 0.012632. Saving model...
------------------------------------------------
Train Epoch: 27	Loss: 0.159328, Acc: 11339/11340 (99.99%)

Validation set: Loss: 0.0129, Acc: 4845/4860 (99.69%)

No improvement for 1 epoch(s).
------------------------------------------------
Train Epoch: 28	Loss: 0.165490, Acc: 11336/11340 (99.96%)

Validation set: Loss: 0.0124, Acc: 4846/4860 (99.71%)

Validation loss improved 0.012632 -> 0.012404. Saving model...
------------------------------------------------
Train Epoch: 29	Loss: 0.170310, Acc: 11335/11340 (99.96%)

Validation set: Loss: 0.0133, Acc: 4845/4860 (99.69%)

No improvement for 1 epoch(s).
------------------------------------------------
Train Epoch: 30	Loss: 0.165186, Acc: 11339/11340 (99.99%)

Validation set: Loss: 0.0126, Acc: 4849/4860 (99.77%)

No improvement for 2 epoch(s).
------------------------------------------------
Train Epoch: 31	Loss: 0.161743, Acc: 11334/11340 (99.95%)

Validation set: Loss: 0.0130, Acc: 4845/4860 (99.69%)

No improvement for 3 epoch(s).
------------------------------------------------
Train Epoch: 32	Loss: 0.164376, Acc: 11338/11340 (99.98%)

Validation set: Loss: 0.0121, Acc: 4849/4860 (99.77%)

Validation loss improved 0.012404 -> 0.012107. Saving model...
------------------------------------------------
Train Epoch: 33	Loss: 0.158487, Acc: 11340/11340 (100.00%)

Validation set: Loss: 0.0122, Acc: 4847/4860 (99.73%)

No improvement for 1 epoch(s).
------------------------------------------------
Train Epoch: 34	Loss: 0.150214, Acc: 11339/11340 (99.99%)

Validation set: Loss: 0.0122, Acc: 4847/4860 (99.73%)

No improvement for 2 epoch(s).
------------------------------------------------
Train Epoch: 35	Loss: 0.151638, Acc: 11335/11340 (99.96%)

Validation set: Loss: 0.0117, Acc: 4849/4860 (99.77%)

Validation loss improved 0.012107 -> 0.011670. Saving model...
------------------------------------------------
Train Epoch: 36	Loss: 0.151330, Acc: 11339/11340 (99.99%)

Validation set: Loss: 0.0125, Acc: 4847/4860 (99.73%)

No improvement for 1 epoch(s).
------------------------------------------------
Train Epoch: 37	Loss: 0.146775, Acc: 11338/11340 (99.98%)

Validation set: Loss: 0.0116, Acc: 4846/4860 (99.71%)

Validation loss improved 0.011670 -> 0.011552. Saving model...
------------------------------------------------
Train Epoch: 38	Loss: 0.144870, Acc: 11340/11340 (100.00%)

Validation set: Loss: 0.0116, Acc: 4848/4860 (99.75%)

No improvement for 1 epoch(s).
------------------------------------------------
Train Epoch: 39	Loss: 0.142095, Acc: 11339/11340 (99.99%)

Validation set: Loss: 0.0122, Acc: 4846/4860 (99.71%)

No improvement for 2 epoch(s).
------------------------------------------------
Train Epoch: 40	Loss: 0.142413, Acc: 11337/11340 (99.97%)

Validation set: Loss: 0.0121, Acc: 4846/4860 (99.71%)

No improvement for 3 epoch(s).
------------------------------------------------
Train Epoch: 41	Loss: 0.145016, Acc: 11339/11340 (99.99%)

Validation set: Loss: 0.0125, Acc: 4845/4860 (99.69%)

No improvement for 4 epoch(s).
------------------------------------------------
Train Epoch: 42	Loss: 0.138246, Acc: 11340/11340 (100.00%)

Validation set: Loss: 0.0119, Acc: 4849/4860 (99.77%)

No improvement for 5 epoch(s).
------------------------------------------------
Train Epoch: 43	Loss: 0.140076, Acc: 11340/11340 (100.00%)

Validation set: Loss: 0.0120, Acc: 4848/4860 (99.75%)

Epoch 00043: reducing learning rate of group 0 to 1.0000e-04.
No improvement for 6 epoch(s).
------------------------------------------------
Train Epoch: 44	Loss: 0.121308, Acc: 11338/11340 (99.98%)

Validation set: Loss: 0.0108, Acc: 4848/4860 (99.75%)

Validation loss improved 0.011552 -> 0.010764. Saving model...
------------------------------------------------
Train Epoch: 45	Loss: 0.113017, Acc: 11340/11340 (100.00%)

Validation set: Loss: 0.0104, Acc: 4848/4860 (99.75%)

Validation loss improved 0.010764 -> 0.010444. Saving model...
------------------------------------------------
Train Epoch: 46	Loss: 0.113834, Acc: 11339/11340 (99.99%)

Validation set: Loss: 0.0105, Acc: 4848/4860 (99.75%)

No improvement for 1 epoch(s).
------------------------------------------------
Train Epoch: 47	Loss: 0.111185, Acc: 11340/11340 (100.00%)

Validation set: Loss: 0.0106, Acc: 4848/4860 (99.75%)

No improvement for 2 epoch(s).
------------------------------------------------
Train Epoch: 48	Loss: 0.110712, Acc: 11340/11340 (100.00%)

Validation set: Loss: 0.0107, Acc: 4848/4860 (99.75%)

No improvement for 3 epoch(s).
------------------------------------------------
Train Epoch: 49	Loss: 0.106930, Acc: 11340/11340 (100.00%)

Validation set: Loss: 0.0106, Acc: 4848/4860 (99.75%)

No improvement for 4 epoch(s).
------------------------------------------------
Train Epoch: 50	Loss: 0.109362, Acc: 11340/11340 (100.00%)

Validation set: Loss: 0.0106, Acc: 4848/4860 (99.75%)

No improvement for 5 epoch(s).
------------------------------------------------
Train Epoch: 51	Loss: 0.111001, Acc: 11340/11340 (100.00%)

Validation set: Loss: 0.0105, Acc: 4848/4860 (99.75%)

Epoch 00051: reducing learning rate of group 0 to 1.0000e-05.
No improvement for 6 epoch(s).
------------------------------------------------
Train Epoch: 52	Loss: 0.109085, Acc: 11340/11340 (100.00%)

Validation set: Loss: 0.0105, Acc: 4848/4860 (99.75%)

No improvement for 7 epoch(s).
------------------------------------------------
Train Epoch: 53	Loss: 0.111386, Acc: 11340/11340 (100.00%)

Validation set: Loss: 0.0105, Acc: 4848/4860 (99.75%)

No improvement for 8 epoch(s).
------------------------------------------------
Train Epoch: 54	Loss: 0.110538, Acc: 11340/11340 (100.00%)

Validation set: Loss: 0.0105, Acc: 4848/4860 (99.75%)

No improvement for 9 epoch(s).
------------------------------------------------
Train Epoch: 55	Loss: 0.109545, Acc: 11340/11340 (100.00%)

Validation set: Loss: 0.0105, Acc: 4848/4860 (99.75%)

No improvement for 10 epoch(s).
Early stopping at epoch 55.
Test Accuracy: 0.8683
