Train receivers: [0, 1, 2, 3, 4, 5, 6, 7, 8]
Test receivers:  [9, 10, 11]
Train Epoch: 1	Loss: 4.894001, Acc: 1517/3780 (40.13%)

Validation set: Loss: 1.2067, Acc: 1032/1620 (63.70%)

Validation loss improved inf -> 1.206673. Saving model...
------------------------------------------------
Train Epoch: 2	Loss: 3.259948, Acc: 2910/3780 (76.98%)

Validation set: Loss: 0.5568, Acc: 1444/1620 (89.14%)

Validation loss improved 1.206673 -> 0.556781. Saving model...
------------------------------------------------
Train Epoch: 3	Loss: 2.204223, Acc: 3354/3780 (88.73%)

Validation set: Loss: 0.3061, Acc: 1470/1620 (90.74%)

Validation loss improved 0.556781 -> 0.306124. Saving model...
------------------------------------------------
Train Epoch: 4	Loss: 1.751334, Acc: 3436/3780 (90.90%)

Validation set: Loss: 0.2353, Acc: 1503/1620 (92.78%)

Validation loss improved 0.306124 -> 0.235346. Saving model...
------------------------------------------------
Train Epoch: 5	Loss: 1.390147, Acc: 3517/3780 (93.04%)

Validation set: Loss: 0.1956, Acc: 1530/1620 (94.44%)

Validation loss improved 0.235346 -> 0.195610. Saving model...
------------------------------------------------
Train Epoch: 6	Loss: 1.194598, Acc: 3586/3780 (94.87%)

Validation set: Loss: 0.1410, Acc: 1563/1620 (96.48%)

Validation loss improved 0.195610 -> 0.141038. Saving model...
------------------------------------------------
Train Epoch: 7	Loss: 0.971297, Acc: 3651/3780 (96.59%)

Validation set: Loss: 0.1550, Acc: 1525/1620 (94.14%)

No improvement for 1 epoch(s).
------------------------------------------------
Train Epoch: 8	Loss: 0.814208, Acc: 3674/3780 (97.20%)

Validation set: Loss: 0.0891, Acc: 1594/1620 (98.40%)

Validation loss improved 0.141038 -> 0.089148. Saving model...
------------------------------------------------
Train Epoch: 9	Loss: 0.636206, Acc: 3741/3780 (98.97%)

Validation set: Loss: 0.0591, Acc: 1605/1620 (99.07%)

Validation loss improved 0.089148 -> 0.059128. Saving model...
------------------------------------------------
Train Epoch: 10	Loss: 0.548215, Acc: 3748/3780 (99.15%)

Validation set: Loss: 0.0551, Acc: 1601/1620 (98.83%)

Validation loss improved 0.059128 -> 0.055147. Saving model...
------------------------------------------------
Train Epoch: 11	Loss: 0.474712, Acc: 3752/3780 (99.26%)

Validation set: Loss: 0.0393, Acc: 1611/1620 (99.44%)

Validation loss improved 0.055147 -> 0.039291. Saving model...
------------------------------------------------
Train Epoch: 12	Loss: 0.391446, Acc: 3765/3780 (99.60%)

Validation set: Loss: 0.0334, Acc: 1612/1620 (99.51%)

Validation loss improved 0.039291 -> 0.033377. Saving model...
------------------------------------------------
Train Epoch: 13	Loss: 0.351030, Acc: 3771/3780 (99.76%)

Validation set: Loss: 0.0288, Acc: 1612/1620 (99.51%)

Validation loss improved 0.033377 -> 0.028795. Saving model...
------------------------------------------------
Train Epoch: 14	Loss: 0.333281, Acc: 3765/3780 (99.60%)

Validation set: Loss: 0.0256, Acc: 1615/1620 (99.69%)

Validation loss improved 0.028795 -> 0.025580. Saving model...
------------------------------------------------
Train Epoch: 15	Loss: 0.306766, Acc: 3775/3780 (99.87%)

Validation set: Loss: 0.0251, Acc: 1613/1620 (99.57%)

Validation loss improved 0.025580 -> 0.025098. Saving model...
------------------------------------------------
Train Epoch: 16	Loss: 0.287773, Acc: 3769/3780 (99.71%)

Validation set: Loss: 0.0227, Acc: 1614/1620 (99.63%)

Validation loss improved 0.025098 -> 0.022684. Saving model...
------------------------------------------------
Train Epoch: 17	Loss: 0.261228, Acc: 3777/3780 (99.92%)

Validation set: Loss: 0.0214, Acc: 1612/1620 (99.51%)

Validation loss improved 0.022684 -> 0.021367. Saving model...
------------------------------------------------
Train Epoch: 18	Loss: 0.242730, Acc: 3776/3780 (99.89%)

Validation set: Loss: 0.0187, Acc: 1615/1620 (99.69%)

Validation loss improved 0.021367 -> 0.018737. Saving model...
------------------------------------------------
Train Epoch: 19	Loss: 0.241652, Acc: 3779/3780 (99.97%)

Validation set: Loss: 0.0194, Acc: 1614/1620 (99.63%)

No improvement for 1 epoch(s).
------------------------------------------------
Train Epoch: 20	Loss: 0.224636, Acc: 3774/3780 (99.84%)

Validation set: Loss: 0.0180, Acc: 1614/1620 (99.63%)

Validation loss improved 0.018737 -> 0.018032. Saving model...
------------------------------------------------
Train Epoch: 21	Loss: 0.228390, Acc: 3777/3780 (99.92%)

Validation set: Loss: 0.0177, Acc: 1613/1620 (99.57%)

Validation loss improved 0.018032 -> 0.017689. Saving model...
------------------------------------------------
Train Epoch: 22	Loss: 0.211184, Acc: 3777/3780 (99.92%)

Validation set: Loss: 0.0160, Acc: 1614/1620 (99.63%)

Validation loss improved 0.017689 -> 0.015992. Saving model...
------------------------------------------------
Train Epoch: 23	Loss: 0.216804, Acc: 3776/3780 (99.89%)

Validation set: Loss: 0.0200, Acc: 1612/1620 (99.51%)

No improvement for 1 epoch(s).
------------------------------------------------
Train Epoch: 24	Loss: 0.217954, Acc: 3778/3780 (99.95%)

Validation set: Loss: 0.0150, Acc: 1616/1620 (99.75%)

Validation loss improved 0.015992 -> 0.015014. Saving model...
------------------------------------------------
Train Epoch: 25	Loss: 0.200935, Acc: 3778/3780 (99.95%)

Validation set: Loss: 0.0161, Acc: 1614/1620 (99.63%)

No improvement for 1 epoch(s).
------------------------------------------------
Train Epoch: 26	Loss: 0.192770, Acc: 3778/3780 (99.95%)

Validation set: Loss: 0.0153, Acc: 1613/1620 (99.57%)

No improvement for 2 epoch(s).
------------------------------------------------
Train Epoch: 27	Loss: 0.184874, Acc: 3779/3780 (99.97%)

Validation set: Loss: 0.0148, Acc: 1613/1620 (99.57%)

Validation loss improved 0.015014 -> 0.014772. Saving model...
------------------------------------------------
Train Epoch: 28	Loss: 0.193149, Acc: 3779/3780 (99.97%)

Validation set: Loss: 0.0167, Acc: 1613/1620 (99.57%)

No improvement for 1 epoch(s).
------------------------------------------------
Train Epoch: 29	Loss: 0.186307, Acc: 3778/3780 (99.95%)

Validation set: Loss: 0.0154, Acc: 1612/1620 (99.51%)

No improvement for 2 epoch(s).
------------------------------------------------
Train Epoch: 30	Loss: 0.184141, Acc: 3779/3780 (99.97%)

Validation set: Loss: 0.0151, Acc: 1614/1620 (99.63%)

No improvement for 3 epoch(s).
------------------------------------------------
Train Epoch: 31	Loss: 0.182597, Acc: 3778/3780 (99.95%)

Validation set: Loss: 0.0145, Acc: 1616/1620 (99.75%)

Validation loss improved 0.014772 -> 0.014462. Saving model...
------------------------------------------------
Train Epoch: 32	Loss: 0.180898, Acc: 3780/3780 (100.00%)

Validation set: Loss: 0.0161, Acc: 1616/1620 (99.75%)

No improvement for 1 epoch(s).
------------------------------------------------
Train Epoch: 33	Loss: 0.176859, Acc: 3779/3780 (99.97%)

Validation set: Loss: 0.0147, Acc: 1614/1620 (99.63%)

No improvement for 2 epoch(s).
------------------------------------------------
Train Epoch: 34	Loss: 0.179291, Acc: 3780/3780 (100.00%)

Validation set: Loss: 0.0144, Acc: 1614/1620 (99.63%)

Validation loss improved 0.014462 -> 0.014407. Saving model...
------------------------------------------------
Train Epoch: 35	Loss: 0.176935, Acc: 3780/3780 (100.00%)

Validation set: Loss: 0.0144, Acc: 1614/1620 (99.63%)

No improvement for 1 epoch(s).
------------------------------------------------
Train Epoch: 36	Loss: 0.174722, Acc: 3779/3780 (99.97%)

Validation set: Loss: 0.0147, Acc: 1613/1620 (99.57%)

No improvement for 2 epoch(s).
------------------------------------------------
Train Epoch: 37	Loss: 0.169987, Acc: 3780/3780 (100.00%)

Validation set: Loss: 0.0164, Acc: 1614/1620 (99.63%)

No improvement for 3 epoch(s).
------------------------------------------------
Train Epoch: 38	Loss: 0.180330, Acc: 3780/3780 (100.00%)

Validation set: Loss: 0.0145, Acc: 1615/1620 (99.69%)

No improvement for 4 epoch(s).
------------------------------------------------
Train Epoch: 39	Loss: 0.170998, Acc: 3780/3780 (100.00%)

Validation set: Loss: 0.0135, Acc: 1614/1620 (99.63%)

Validation loss improved 0.014407 -> 0.013493. Saving model...
------------------------------------------------
Train Epoch: 40	Loss: 0.169254, Acc: 3780/3780 (100.00%)

Validation set: Loss: 0.0134, Acc: 1615/1620 (99.69%)

Validation loss improved 0.013493 -> 0.013411. Saving model...
------------------------------------------------
Train Epoch: 41	Loss: 0.174876, Acc: 3780/3780 (100.00%)

Validation set: Loss: 0.0145, Acc: 1614/1620 (99.63%)

No improvement for 1 epoch(s).
------------------------------------------------
Train Epoch: 42	Loss: 0.174971, Acc: 3780/3780 (100.00%)

Validation set: Loss: 0.0151, Acc: 1614/1620 (99.63%)

No improvement for 2 epoch(s).
------------------------------------------------
Train Epoch: 43	Loss: 0.165455, Acc: 3780/3780 (100.00%)

Validation set: Loss: 0.0139, Acc: 1613/1620 (99.57%)

No improvement for 3 epoch(s).
------------------------------------------------
Train Epoch: 44	Loss: 0.160745, Acc: 3780/3780 (100.00%)

Validation set: Loss: 0.0142, Acc: 1613/1620 (99.57%)

No improvement for 4 epoch(s).
------------------------------------------------
Train Epoch: 45	Loss: 0.161139, Acc: 3780/3780 (100.00%)

Validation set: Loss: 0.0126, Acc: 1613/1620 (99.57%)

Validation loss improved 0.013411 -> 0.012641. Saving model...
------------------------------------------------
Train Epoch: 46	Loss: 0.156058, Acc: 3780/3780 (100.00%)

Validation set: Loss: 0.0130, Acc: 1613/1620 (99.57%)

No improvement for 1 epoch(s).
------------------------------------------------
Train Epoch: 47	Loss: 0.159919, Acc: 3780/3780 (100.00%)

Validation set: Loss: 0.0126, Acc: 1614/1620 (99.63%)

Validation loss improved 0.012641 -> 0.012579. Saving model...
------------------------------------------------
Train Epoch: 48	Loss: 0.165232, Acc: 3780/3780 (100.00%)

Validation set: Loss: 0.0130, Acc: 1614/1620 (99.63%)

No improvement for 1 epoch(s).
------------------------------------------------
Train Epoch: 49	Loss: 0.158979, Acc: 3780/3780 (100.00%)

Validation set: Loss: 0.0133, Acc: 1614/1620 (99.63%)

No improvement for 2 epoch(s).
------------------------------------------------
Train Epoch: 50	Loss: 0.157500, Acc: 3780/3780 (100.00%)

Validation set: Loss: 0.0121, Acc: 1616/1620 (99.75%)

Validation loss improved 0.012579 -> 0.012139. Saving model...
------------------------------------------------
Train Epoch: 51	Loss: 0.159622, Acc: 3780/3780 (100.00%)

Validation set: Loss: 0.0147, Acc: 1613/1620 (99.57%)

No improvement for 1 epoch(s).
------------------------------------------------
Train Epoch: 52	Loss: 0.157916, Acc: 3780/3780 (100.00%)

Validation set: Loss: 0.0111, Acc: 1616/1620 (99.75%)

Validation loss improved 0.012139 -> 0.011105. Saving model...
------------------------------------------------
Train Epoch: 53	Loss: 0.158647, Acc: 3780/3780 (100.00%)

Validation set: Loss: 0.0131, Acc: 1613/1620 (99.57%)

No improvement for 1 epoch(s).
------------------------------------------------
Train Epoch: 54	Loss: 0.149261, Acc: 3780/3780 (100.00%)

Validation set: Loss: 0.0114, Acc: 1615/1620 (99.69%)

No improvement for 2 epoch(s).
------------------------------------------------
Train Epoch: 55	Loss: 0.154865, Acc: 3780/3780 (100.00%)

Validation set: Loss: 0.0125, Acc: 1614/1620 (99.63%)

No improvement for 3 epoch(s).
------------------------------------------------
Train Epoch: 56	Loss: 0.159389, Acc: 3780/3780 (100.00%)

Validation set: Loss: 0.0118, Acc: 1614/1620 (99.63%)

No improvement for 4 epoch(s).
------------------------------------------------
Train Epoch: 57	Loss: 0.152550, Acc: 3780/3780 (100.00%)

Validation set: Loss: 0.0126, Acc: 1613/1620 (99.57%)

No improvement for 5 epoch(s).
------------------------------------------------
Train Epoch: 58	Loss: 0.146742, Acc: 3780/3780 (100.00%)

Validation set: Loss: 0.0127, Acc: 1614/1620 (99.63%)

Epoch 00058: reducing learning rate of group 0 to 1.0000e-04.
No improvement for 6 epoch(s).
------------------------------------------------
Train Epoch: 59	Loss: 0.135565, Acc: 3780/3780 (100.00%)

Validation set: Loss: 0.0117, Acc: 1614/1620 (99.63%)

No improvement for 7 epoch(s).
------------------------------------------------
Train Epoch: 60	Loss: 0.132936, Acc: 3780/3780 (100.00%)

Validation set: Loss: 0.0116, Acc: 1615/1620 (99.69%)

No improvement for 8 epoch(s).
------------------------------------------------
Train Epoch: 61	Loss: 0.126737, Acc: 3780/3780 (100.00%)

Validation set: Loss: 0.0115, Acc: 1614/1620 (99.63%)

No improvement for 9 epoch(s).
------------------------------------------------
Train Epoch: 62	Loss: 0.126515, Acc: 3780/3780 (100.00%)

Validation set: Loss: 0.0115, Acc: 1614/1620 (99.63%)

No improvement for 10 epoch(s).
Early stopping at epoch 62.
Test Accuracy: 0.8696
