Train receivers: [3, 4, 5, 6, 7, 8, 9, 10, 11]
Test receivers:  [0, 1, 2]
Train Epoch: 1	Loss: 4.957624, Acc: 1395/3780 (36.90%)

Validation set: Loss: 1.2670, Acc: 917/1620 (56.60%)

Validation loss improved inf -> 1.266961. Saving model...
------------------------------------------------
Train Epoch: 2	Loss: 3.496524, Acc: 2742/3780 (72.54%)

Validation set: Loss: 0.6653, Acc: 1302/1620 (80.37%)

Validation loss improved 1.266961 -> 0.665283. Saving model...
------------------------------------------------
Train Epoch: 3	Loss: 2.435009, Acc: 3227/3780 (85.37%)

Validation set: Loss: 0.3794, Acc: 1472/1620 (90.86%)

Validation loss improved 0.665283 -> 0.379403. Saving model...
------------------------------------------------
Train Epoch: 4	Loss: 1.951288, Acc: 3373/3780 (89.23%)

Validation set: Loss: 0.2915, Acc: 1464/1620 (90.37%)

Validation loss improved 0.379403 -> 0.291505. Saving model...
------------------------------------------------
Train Epoch: 5	Loss: 1.592557, Acc: 3496/3780 (92.49%)

Validation set: Loss: 0.2368, Acc: 1515/1620 (93.52%)

Validation loss improved 0.291505 -> 0.236816. Saving model...
------------------------------------------------
Train Epoch: 6	Loss: 1.362921, Acc: 3577/3780 (94.63%)

Validation set: Loss: 0.1776, Acc: 1551/1620 (95.74%)

Validation loss improved 0.236816 -> 0.177575. Saving model...
------------------------------------------------
Train Epoch: 7	Loss: 1.124199, Acc: 3639/3780 (96.27%)

Validation set: Loss: 0.1379, Acc: 1580/1620 (97.53%)

Validation loss improved 0.177575 -> 0.137900. Saving model...
------------------------------------------------
Train Epoch: 8	Loss: 0.935926, Acc: 3664/3780 (96.93%)

Validation set: Loss: 0.1464, Acc: 1549/1620 (95.62%)

No improvement for 1 epoch(s).
------------------------------------------------
Train Epoch: 9	Loss: 0.742066, Acc: 3706/3780 (98.04%)

Validation set: Loss: 0.1005, Acc: 1593/1620 (98.33%)

Validation loss improved 0.137900 -> 0.100508. Saving model...
------------------------------------------------
Train Epoch: 10	Loss: 0.600106, Acc: 3736/3780 (98.84%)

Validation set: Loss: 0.0771, Acc: 1594/1620 (98.40%)

Validation loss improved 0.100508 -> 0.077101. Saving model...
------------------------------------------------
Train Epoch: 11	Loss: 0.514176, Acc: 3740/3780 (98.94%)

Validation set: Loss: 0.0653, Acc: 1604/1620 (99.01%)

Validation loss improved 0.077101 -> 0.065326. Saving model...
------------------------------------------------
Train Epoch: 12	Loss: 0.444301, Acc: 3759/3780 (99.44%)

Validation set: Loss: 0.0579, Acc: 1602/1620 (98.89%)

Validation loss improved 0.065326 -> 0.057950. Saving model...
------------------------------------------------
Train Epoch: 13	Loss: 0.390809, Acc: 3758/3780 (99.42%)

Validation set: Loss: 0.0535, Acc: 1600/1620 (98.77%)

Validation loss improved 0.057950 -> 0.053532. Saving model...
------------------------------------------------
Train Epoch: 14	Loss: 0.354670, Acc: 3764/3780 (99.58%)

Validation set: Loss: 0.0497, Acc: 1603/1620 (98.95%)

Validation loss improved 0.053532 -> 0.049657. Saving model...
------------------------------------------------
Train Epoch: 15	Loss: 0.331414, Acc: 3766/3780 (99.63%)

Validation set: Loss: 0.0433, Acc: 1606/1620 (99.14%)

Validation loss improved 0.049657 -> 0.043343. Saving model...
------------------------------------------------
Train Epoch: 16	Loss: 0.315408, Acc: 3768/3780 (99.68%)

Validation set: Loss: 0.0480, Acc: 1603/1620 (98.95%)

No improvement for 1 epoch(s).
------------------------------------------------
Train Epoch: 17	Loss: 0.300680, Acc: 3766/3780 (99.63%)

Validation set: Loss: 0.0387, Acc: 1606/1620 (99.14%)

Validation loss improved 0.043343 -> 0.038658. Saving model...
------------------------------------------------
Train Epoch: 18	Loss: 0.291844, Acc: 3767/3780 (99.66%)

Validation set: Loss: 0.0394, Acc: 1607/1620 (99.20%)

No improvement for 1 epoch(s).
------------------------------------------------
Train Epoch: 19	Loss: 0.282199, Acc: 3770/3780 (99.74%)

Validation set: Loss: 0.0397, Acc: 1606/1620 (99.14%)

No improvement for 2 epoch(s).
------------------------------------------------
Train Epoch: 20	Loss: 0.256443, Acc: 3774/3780 (99.84%)

Validation set: Loss: 0.0365, Acc: 1609/1620 (99.32%)

Validation loss improved 0.038658 -> 0.036473. Saving model...
------------------------------------------------
Train Epoch: 21	Loss: 0.248477, Acc: 3775/3780 (99.87%)

Validation set: Loss: 0.0360, Acc: 1608/1620 (99.26%)

Validation loss improved 0.036473 -> 0.036032. Saving model...
------------------------------------------------
Train Epoch: 22	Loss: 0.246675, Acc: 3771/3780 (99.76%)

Validation set: Loss: 0.0417, Acc: 1605/1620 (99.07%)

No improvement for 1 epoch(s).
------------------------------------------------
Train Epoch: 23	Loss: 0.235036, Acc: 3774/3780 (99.84%)

Validation set: Loss: 0.0346, Acc: 1608/1620 (99.26%)

Validation loss improved 0.036032 -> 0.034552. Saving model...
------------------------------------------------
Train Epoch: 24	Loss: 0.234410, Acc: 3774/3780 (99.84%)

Validation set: Loss: 0.0357, Acc: 1608/1620 (99.26%)

No improvement for 1 epoch(s).
------------------------------------------------
Train Epoch: 25	Loss: 0.233829, Acc: 3775/3780 (99.87%)

Validation set: Loss: 0.0351, Acc: 1609/1620 (99.32%)

No improvement for 2 epoch(s).
------------------------------------------------
Train Epoch: 26	Loss: 0.213995, Acc: 3778/3780 (99.95%)

Validation set: Loss: 0.0366, Acc: 1607/1620 (99.20%)

No improvement for 3 epoch(s).
------------------------------------------------
Train Epoch: 27	Loss: 0.215063, Acc: 3776/3780 (99.89%)

Validation set: Loss: 0.0342, Acc: 1609/1620 (99.32%)

Validation loss improved 0.034552 -> 0.034210. Saving model...
------------------------------------------------
Train Epoch: 28	Loss: 0.209032, Acc: 3774/3780 (99.84%)

Validation set: Loss: 0.0332, Acc: 1609/1620 (99.32%)

Validation loss improved 0.034210 -> 0.033187. Saving model...
------------------------------------------------
Train Epoch: 29	Loss: 0.206559, Acc: 3778/3780 (99.95%)

Validation set: Loss: 0.0338, Acc: 1610/1620 (99.38%)

No improvement for 1 epoch(s).
------------------------------------------------
Train Epoch: 30	Loss: 0.202847, Acc: 3777/3780 (99.92%)

Validation set: Loss: 0.0338, Acc: 1610/1620 (99.38%)

No improvement for 2 epoch(s).
------------------------------------------------
Train Epoch: 31	Loss: 0.201452, Acc: 3776/3780 (99.89%)

Validation set: Loss: 0.0334, Acc: 1610/1620 (99.38%)

No improvement for 3 epoch(s).
------------------------------------------------
Train Epoch: 32	Loss: 0.206307, Acc: 3779/3780 (99.97%)

Validation set: Loss: 0.0346, Acc: 1610/1620 (99.38%)

No improvement for 4 epoch(s).
------------------------------------------------
Train Epoch: 33	Loss: 0.216703, Acc: 3774/3780 (99.84%)

Validation set: Loss: 0.0329, Acc: 1608/1620 (99.26%)

Validation loss improved 0.033187 -> 0.032867. Saving model...
------------------------------------------------
Train Epoch: 34	Loss: 0.199552, Acc: 3777/3780 (99.92%)

Validation set: Loss: 0.0336, Acc: 1610/1620 (99.38%)

No improvement for 1 epoch(s).
------------------------------------------------
Train Epoch: 35	Loss: 0.203356, Acc: 3777/3780 (99.92%)

Validation set: Loss: 0.0340, Acc: 1609/1620 (99.32%)

No improvement for 2 epoch(s).
------------------------------------------------
Train Epoch: 36	Loss: 0.193573, Acc: 3779/3780 (99.97%)

Validation set: Loss: 0.0329, Acc: 1610/1620 (99.38%)

No improvement for 3 epoch(s).
------------------------------------------------
Train Epoch: 37	Loss: 0.191695, Acc: 3779/3780 (99.97%)

Validation set: Loss: 0.0347, Acc: 1609/1620 (99.32%)

No improvement for 4 epoch(s).
------------------------------------------------
Train Epoch: 38	Loss: 0.194947, Acc: 3778/3780 (99.95%)

Validation set: Loss: 0.0374, Acc: 1609/1620 (99.32%)

No improvement for 5 epoch(s).
------------------------------------------------
Train Epoch: 39	Loss: 0.189093, Acc: 3777/3780 (99.92%)

Validation set: Loss: 0.0351, Acc: 1608/1620 (99.26%)

Epoch 00039: reducing learning rate of group 0 to 1.0000e-04.
No improvement for 6 epoch(s).
------------------------------------------------
Train Epoch: 40	Loss: 0.172733, Acc: 3779/3780 (99.97%)

Validation set: Loss: 0.0321, Acc: 1609/1620 (99.32%)

Validation loss improved 0.032867 -> 0.032131. Saving model...
------------------------------------------------
Train Epoch: 41	Loss: 0.170598, Acc: 3779/3780 (99.97%)

Validation set: Loss: 0.0328, Acc: 1609/1620 (99.32%)

No improvement for 1 epoch(s).
------------------------------------------------
Train Epoch: 42	Loss: 0.167558, Acc: 3778/3780 (99.95%)

Validation set: Loss: 0.0320, Acc: 1609/1620 (99.32%)

Validation loss improved 0.032131 -> 0.031952. Saving model...
------------------------------------------------
Train Epoch: 43	Loss: 0.170208, Acc: 3779/3780 (99.97%)

Validation set: Loss: 0.0324, Acc: 1609/1620 (99.32%)

No improvement for 1 epoch(s).
------------------------------------------------
Train Epoch: 44	Loss: 0.164351, Acc: 3780/3780 (100.00%)

Validation set: Loss: 0.0325, Acc: 1609/1620 (99.32%)

No improvement for 2 epoch(s).
------------------------------------------------
Train Epoch: 45	Loss: 0.171357, Acc: 3779/3780 (99.97%)

Validation set: Loss: 0.0320, Acc: 1609/1620 (99.32%)

No improvement for 3 epoch(s).
------------------------------------------------
Train Epoch: 46	Loss: 0.172316, Acc: 3780/3780 (100.00%)

Validation set: Loss: 0.0321, Acc: 1609/1620 (99.32%)

No improvement for 4 epoch(s).
------------------------------------------------
Train Epoch: 47	Loss: 0.172347, Acc: 3780/3780 (100.00%)

Validation set: Loss: 0.0321, Acc: 1609/1620 (99.32%)

No improvement for 5 epoch(s).
------------------------------------------------
Train Epoch: 48	Loss: 0.169497, Acc: 3779/3780 (99.97%)

Validation set: Loss: 0.0325, Acc: 1609/1620 (99.32%)

Epoch 00048: reducing learning rate of group 0 to 1.0000e-05.
No improvement for 6 epoch(s).
------------------------------------------------
Train Epoch: 49	Loss: 0.167357, Acc: 3780/3780 (100.00%)

Validation set: Loss: 0.0324, Acc: 1609/1620 (99.32%)

No improvement for 7 epoch(s).
------------------------------------------------
Train Epoch: 50	Loss: 0.174132, Acc: 3780/3780 (100.00%)

Validation set: Loss: 0.0324, Acc: 1609/1620 (99.32%)

No improvement for 8 epoch(s).
------------------------------------------------
Train Epoch: 51	Loss: 0.181970, Acc: 3780/3780 (100.00%)

Validation set: Loss: 0.0324, Acc: 1609/1620 (99.32%)

No improvement for 9 epoch(s).
------------------------------------------------
Train Epoch: 52	Loss: 0.176359, Acc: 3779/3780 (99.97%)

Validation set: Loss: 0.0324, Acc: 1609/1620 (99.32%)

No improvement for 10 epoch(s).
Early stopping at epoch 52.
Test Accuracy: 0.9174
