Train receivers: [0, 1, 2, 3, 4, 5, 9, 10, 11]
Test receivers:  [6, 7, 8]
Train Epoch: 1	Loss: 4.954521, Acc: 1442/3780 (38.15%)

Validation set: Loss: 1.2727, Acc: 920/1620 (56.79%)

Validation loss improved inf -> 1.272749. Saving model...
------------------------------------------------
Train Epoch: 2	Loss: 3.386604, Acc: 2820/3780 (74.60%)

Validation set: Loss: 0.6200, Acc: 1361/1620 (84.01%)

Validation loss improved 1.272749 -> 0.620049. Saving model...
------------------------------------------------
Train Epoch: 3	Loss: 2.329865, Acc: 3228/3780 (85.40%)

Validation set: Loss: 0.3743, Acc: 1459/1620 (90.06%)

Validation loss improved 0.620049 -> 0.374323. Saving model...
------------------------------------------------
Train Epoch: 4	Loss: 1.902155, Acc: 3333/3780 (88.17%)

Validation set: Loss: 0.3072, Acc: 1480/1620 (91.36%)

Validation loss improved 0.374323 -> 0.307236. Saving model...
------------------------------------------------
Train Epoch: 5	Loss: 1.543861, Acc: 3465/3780 (91.67%)

Validation set: Loss: 0.2537, Acc: 1502/1620 (92.72%)

Validation loss improved 0.307236 -> 0.253667. Saving model...
------------------------------------------------
Train Epoch: 6	Loss: 1.293381, Acc: 3544/3780 (93.76%)

Validation set: Loss: 0.1917, Acc: 1532/1620 (94.57%)

Validation loss improved 0.253667 -> 0.191692. Saving model...
------------------------------------------------
Train Epoch: 7	Loss: 1.048265, Acc: 3592/3780 (95.03%)

Validation set: Loss: 0.1745, Acc: 1531/1620 (94.51%)

Validation loss improved 0.191692 -> 0.174548. Saving model...
------------------------------------------------
Train Epoch: 8	Loss: 0.881956, Acc: 3631/3780 (96.06%)

Validation set: Loss: 0.1400, Acc: 1563/1620 (96.48%)

Validation loss improved 0.174548 -> 0.139965. Saving model...
------------------------------------------------
Train Epoch: 9	Loss: 0.730069, Acc: 3674/3780 (97.20%)

Validation set: Loss: 0.1390, Acc: 1556/1620 (96.05%)

Validation loss improved 0.139965 -> 0.138951. Saving model...
------------------------------------------------
Train Epoch: 10	Loss: 0.637311, Acc: 3701/3780 (97.91%)

Validation set: Loss: 0.0901, Acc: 1588/1620 (98.02%)

Validation loss improved 0.138951 -> 0.090150. Saving model...
------------------------------------------------
Train Epoch: 11	Loss: 0.572402, Acc: 3719/3780 (98.39%)

Validation set: Loss: 0.0751, Acc: 1592/1620 (98.27%)

Validation loss improved 0.090150 -> 0.075117. Saving model...
------------------------------------------------
Train Epoch: 12	Loss: 0.498326, Acc: 3735/3780 (98.81%)

Validation set: Loss: 0.0631, Acc: 1604/1620 (99.01%)

Validation loss improved 0.075117 -> 0.063103. Saving model...
------------------------------------------------
Train Epoch: 13	Loss: 0.437368, Acc: 3748/3780 (99.15%)

Validation set: Loss: 0.0581, Acc: 1603/1620 (98.95%)

Validation loss improved 0.063103 -> 0.058099. Saving model...
------------------------------------------------
Train Epoch: 14	Loss: 0.432127, Acc: 3755/3780 (99.34%)

Validation set: Loss: 0.0541, Acc: 1601/1620 (98.83%)

Validation loss improved 0.058099 -> 0.054051. Saving model...
------------------------------------------------
Train Epoch: 15	Loss: 0.378760, Acc: 3757/3780 (99.39%)

Validation set: Loss: 0.0457, Acc: 1604/1620 (99.01%)

Validation loss improved 0.054051 -> 0.045742. Saving model...
------------------------------------------------
Train Epoch: 16	Loss: 0.341810, Acc: 3761/3780 (99.50%)

Validation set: Loss: 0.0438, Acc: 1609/1620 (99.32%)

Validation loss improved 0.045742 -> 0.043842. Saving model...
------------------------------------------------
Train Epoch: 17	Loss: 0.320737, Acc: 3770/3780 (99.74%)

Validation set: Loss: 0.0390, Acc: 1609/1620 (99.32%)

Validation loss improved 0.043842 -> 0.038970. Saving model...
------------------------------------------------
Train Epoch: 18	Loss: 0.314681, Acc: 3768/3780 (99.68%)

Validation set: Loss: 0.0372, Acc: 1610/1620 (99.38%)

Validation loss improved 0.038970 -> 0.037231. Saving model...
------------------------------------------------
Train Epoch: 19	Loss: 0.286706, Acc: 3774/3780 (99.84%)

Validation set: Loss: 0.0362, Acc: 1609/1620 (99.32%)

Validation loss improved 0.037231 -> 0.036156. Saving model...
------------------------------------------------
Train Epoch: 20	Loss: 0.281905, Acc: 3772/3780 (99.79%)

Validation set: Loss: 0.0372, Acc: 1607/1620 (99.20%)

No improvement for 1 epoch(s).
------------------------------------------------
Train Epoch: 21	Loss: 0.265152, Acc: 3773/3780 (99.81%)

Validation set: Loss: 0.0350, Acc: 1607/1620 (99.20%)

Validation loss improved 0.036156 -> 0.034962. Saving model...
------------------------------------------------
Train Epoch: 22	Loss: 0.255064, Acc: 3772/3780 (99.79%)

Validation set: Loss: 0.0329, Acc: 1610/1620 (99.38%)

Validation loss improved 0.034962 -> 0.032905. Saving model...
------------------------------------------------
Train Epoch: 23	Loss: 0.245837, Acc: 3775/3780 (99.87%)

Validation set: Loss: 0.0322, Acc: 1609/1620 (99.32%)

Validation loss improved 0.032905 -> 0.032235. Saving model...
------------------------------------------------
Train Epoch: 24	Loss: 0.239322, Acc: 3776/3780 (99.89%)

Validation set: Loss: 0.0309, Acc: 1608/1620 (99.26%)

Validation loss improved 0.032235 -> 0.030856. Saving model...
------------------------------------------------
Train Epoch: 25	Loss: 0.244317, Acc: 3771/3780 (99.76%)

Validation set: Loss: 0.0310, Acc: 1609/1620 (99.32%)

No improvement for 1 epoch(s).
------------------------------------------------
Train Epoch: 26	Loss: 0.241603, Acc: 3776/3780 (99.89%)

Validation set: Loss: 0.0316, Acc: 1608/1620 (99.26%)

No improvement for 2 epoch(s).
------------------------------------------------
Train Epoch: 27	Loss: 0.223359, Acc: 3777/3780 (99.92%)

Validation set: Loss: 0.0308, Acc: 1609/1620 (99.32%)

Validation loss improved 0.030856 -> 0.030821. Saving model...
------------------------------------------------
Train Epoch: 28	Loss: 0.234667, Acc: 3775/3780 (99.87%)

Validation set: Loss: 0.0363, Acc: 1606/1620 (99.14%)

No improvement for 1 epoch(s).
------------------------------------------------
Train Epoch: 29	Loss: 0.223392, Acc: 3778/3780 (99.95%)

Validation set: Loss: 0.0292, Acc: 1610/1620 (99.38%)

Validation loss improved 0.030821 -> 0.029180. Saving model...
------------------------------------------------
Train Epoch: 30	Loss: 0.221067, Acc: 3776/3780 (99.89%)

Validation set: Loss: 0.0295, Acc: 1608/1620 (99.26%)

No improvement for 1 epoch(s).
------------------------------------------------
Train Epoch: 31	Loss: 0.205843, Acc: 3777/3780 (99.92%)

Validation set: Loss: 0.0308, Acc: 1611/1620 (99.44%)

No improvement for 2 epoch(s).
------------------------------------------------
Train Epoch: 32	Loss: 0.210040, Acc: 3777/3780 (99.92%)

Validation set: Loss: 0.0304, Acc: 1607/1620 (99.20%)

No improvement for 3 epoch(s).
------------------------------------------------
Train Epoch: 33	Loss: 0.220939, Acc: 3777/3780 (99.92%)

Validation set: Loss: 0.0294, Acc: 1609/1620 (99.32%)

No improvement for 4 epoch(s).
------------------------------------------------
Train Epoch: 34	Loss: 0.197877, Acc: 3779/3780 (99.97%)

Validation set: Loss: 0.0303, Acc: 1608/1620 (99.26%)

No improvement for 5 epoch(s).
------------------------------------------------
Train Epoch: 35	Loss: 0.206081, Acc: 3778/3780 (99.95%)

Validation set: Loss: 0.0295, Acc: 1609/1620 (99.32%)

Epoch 00035: reducing learning rate of group 0 to 1.0000e-04.
No improvement for 6 epoch(s).
------------------------------------------------
Train Epoch: 36	Loss: 0.188865, Acc: 3778/3780 (99.95%)

Validation set: Loss: 0.0286, Acc: 1610/1620 (99.38%)

Validation loss improved 0.029180 -> 0.028610. Saving model...
------------------------------------------------
Train Epoch: 37	Loss: 0.179545, Acc: 3779/3780 (99.97%)

Validation set: Loss: 0.0284, Acc: 1609/1620 (99.32%)

Validation loss improved 0.028610 -> 0.028410. Saving model...
------------------------------------------------
Train Epoch: 38	Loss: 0.188196, Acc: 3778/3780 (99.95%)

Validation set: Loss: 0.0285, Acc: 1610/1620 (99.38%)

No improvement for 1 epoch(s).
------------------------------------------------
Train Epoch: 39	Loss: 0.184237, Acc: 3779/3780 (99.97%)

Validation set: Loss: 0.0284, Acc: 1610/1620 (99.38%)

Validation loss improved 0.028410 -> 0.028374. Saving model...
------------------------------------------------
Train Epoch: 40	Loss: 0.178423, Acc: 3779/3780 (99.97%)

Validation set: Loss: 0.0283, Acc: 1610/1620 (99.38%)

Validation loss improved 0.028374 -> 0.028277. Saving model...
------------------------------------------------
Train Epoch: 41	Loss: 0.190189, Acc: 3778/3780 (99.95%)

Validation set: Loss: 0.0284, Acc: 1610/1620 (99.38%)

No improvement for 1 epoch(s).
------------------------------------------------
Train Epoch: 42	Loss: 0.187846, Acc: 3777/3780 (99.92%)

Validation set: Loss: 0.0283, Acc: 1610/1620 (99.38%)

No improvement for 2 epoch(s).
------------------------------------------------
Train Epoch: 43	Loss: 0.177287, Acc: 3780/3780 (100.00%)

Validation set: Loss: 0.0284, Acc: 1610/1620 (99.38%)

No improvement for 3 epoch(s).
------------------------------------------------
Train Epoch: 44	Loss: 0.181891, Acc: 3780/3780 (100.00%)

Validation set: Loss: 0.0286, Acc: 1610/1620 (99.38%)

No improvement for 4 epoch(s).
------------------------------------------------
Train Epoch: 45	Loss: 0.196771, Acc: 3778/3780 (99.95%)

Validation set: Loss: 0.0281, Acc: 1610/1620 (99.38%)

Validation loss improved 0.028277 -> 0.028110. Saving model...
------------------------------------------------
Train Epoch: 46	Loss: 0.188028, Acc: 3780/3780 (100.00%)

Validation set: Loss: 0.0287, Acc: 1609/1620 (99.32%)

No improvement for 1 epoch(s).
------------------------------------------------
Train Epoch: 47	Loss: 0.184013, Acc: 3779/3780 (99.97%)

Validation set: Loss: 0.0283, Acc: 1610/1620 (99.38%)

No improvement for 2 epoch(s).
------------------------------------------------
Train Epoch: 48	Loss: 0.185505, Acc: 3779/3780 (99.97%)

Validation set: Loss: 0.0289, Acc: 1609/1620 (99.32%)

No improvement for 3 epoch(s).
------------------------------------------------
Train Epoch: 49	Loss: 0.191979, Acc: 3779/3780 (99.97%)

Validation set: Loss: 0.0286, Acc: 1610/1620 (99.38%)

No improvement for 4 epoch(s).
------------------------------------------------
Train Epoch: 50	Loss: 0.191304, Acc: 3779/3780 (99.97%)

Validation set: Loss: 0.0289, Acc: 1610/1620 (99.38%)

No improvement for 5 epoch(s).
------------------------------------------------
Train Epoch: 51	Loss: 0.183742, Acc: 3780/3780 (100.00%)

Validation set: Loss: 0.0285, Acc: 1610/1620 (99.38%)

Epoch 00051: reducing learning rate of group 0 to 1.0000e-05.
No improvement for 6 epoch(s).
------------------------------------------------
Train Epoch: 52	Loss: 0.186416, Acc: 3780/3780 (100.00%)

Validation set: Loss: 0.0284, Acc: 1610/1620 (99.38%)

No improvement for 7 epoch(s).
------------------------------------------------
Train Epoch: 53	Loss: 0.191535, Acc: 3779/3780 (99.97%)

Validation set: Loss: 0.0283, Acc: 1610/1620 (99.38%)

No improvement for 8 epoch(s).
------------------------------------------------
Train Epoch: 54	Loss: 0.186021, Acc: 3780/3780 (100.00%)

Validation set: Loss: 0.0284, Acc: 1610/1620 (99.38%)

No improvement for 9 epoch(s).
------------------------------------------------
Train Epoch: 55	Loss: 0.192949, Acc: 3779/3780 (99.97%)

Validation set: Loss: 0.0284, Acc: 1610/1620 (99.38%)

No improvement for 10 epoch(s).
Early stopping at epoch 55.
Test Accuracy: 0.9185
